{"level":"info","message":"Stream profile is created for Swapnil Dutta","timestamp":"2025-07-17T21:28:19.678Z"}
{"level":"info","message":"User registered, welcome! Swapnil Dutta","timestamp":"2025-07-17T21:28:19.728Z"}
{"level":"info","message":"Server started at PORT no: 5200","timestamp":"2025-07-17T21:51:50.731Z"}
{"level":"info","message":"Server started at PORT no: 5200","timestamp":"2025-07-17T21:53:06.644Z"}
{"level":"info","message":"Server started at PORT no: 5200","timestamp":"2025-07-17T21:59:21.223Z"}
{"level":"info","message":"Server started at PORT no: 5200","timestamp":"2025-07-17T22:03:07.765Z"}
{"level":"info","message":"Server started at PORT no: 5200","timestamp":"2025-07-17T22:03:59.166Z"}
{"level":"info","message":"Server started at PORT no: 5200","timestamp":"2025-07-18T09:11:07.418Z"}
{"level":"info","message":"Server started at PORT no: 5200","timestamp":"2025-07-18T09:18:19.225Z"}
{"level":"info","message":"Swapnil Dutta just logged in.","timestamp":"2025-07-18T09:20:14.694Z"}
{"level":"info","message":"Stream user has been updated successfully for Swapnil Dutta","timestamp":"2025-07-18T09:21:12.392Z"}
{"level":"info","message":"Onboarding successful for Swapnil Dutta","timestamp":"2025-07-18T09:21:12.396Z"}
{"level":"info","message":"Stream user has been updated successfully for Swapnil Dutta","timestamp":"2025-07-18T09:21:18.959Z"}
{"level":"info","message":"Onboarding successful for Swapnil Dutta","timestamp":"2025-07-18T09:21:18.960Z"}
{"level":"info","message":"Logout request made","timestamp":"2025-07-18T09:22:07.318Z"}
{"level":"info","message":"Server started at PORT no: 5200","timestamp":"2025-07-21T18:26:14.808Z"}
{"level":"info","message":"Swapnil Dutta just logged in.","timestamp":"2025-07-21T18:27:36.314Z"}
{"level":"info","message":"Logout request made","timestamp":"2025-07-21T18:28:02.707Z"}
{"level":"info","message":"Sneha Roy just logged in.","timestamp":"2025-07-21T18:28:33.299Z"}
{"level":"info","message":"Stream user has been updated successfully for Sneha Roy","timestamp":"2025-07-21T18:29:33.860Z"}
{"level":"info","message":"Onboarding successful for Sneha Roy","timestamp":"2025-07-21T18:29:33.864Z"}
{"level":"info","message":"Stream user has been updated successfully for Sneha Roy","timestamp":"2025-07-21T18:29:41.055Z"}
{"level":"info","message":"Onboarding successful for Sneha Roy","timestamp":"2025-07-21T18:29:41.076Z"}
{"level":"info","message":"A friend request has been sent between Sneha Roy and Swapnil Dutta","timestamp":"2025-07-21T18:31:06.290Z"}
{"level":"info","message":"Logout request made","timestamp":"2025-07-21T18:31:27.245Z"}
{"level":"info","message":"Server started at PORT no: 5200","timestamp":"2025-07-21T18:31:49.824Z"}
{"level":"info","message":"Server started at PORT no: 5200","timestamp":"2025-07-22T18:57:42.941Z"}
{"level":"info","message":"Server started at PORT no: 5200","timestamp":"2025-07-23T17:11:43.606Z"}
{"level":"info","message":"Swapnil Dutta just logged in.","timestamp":"2025-07-23T17:31:22.757Z"}
{"level":"info","message":"Stream token generated with userId: 68796af1344d4ef00966479e at 2025-07-23T17:33:44.820Z","timestamp":"2025-07-23T17:33:44.820Z"}
{"level":"info","message":"Token has been generated for Swapnil Dutta","timestamp":"2025-07-23T17:33:44.824Z"}
